<?xml version="1.0" encoding="UTF-8"?>
<testsuite xmlns:xsi="http://www.w3.org/2001/XMLSchema-instance" xsi:noNamespaceSchemaLocation="https://maven.apache.org/surefire/maven-surefire-plugin/xsd/surefire-test-report.xsd" name="com.example.authority.AuthorityCenterApplicationTest" time="7.965" tests="2" errors="1" skipped="0" failures="0">
  <properties>
    <property name="sun.desktop" value="windows"/>
    <property name="awt.toolkit" value="sun.awt.windows.WToolkit"/>
    <property name="java.specification.version" value="11"/>
    <property name="sun.cpu.isalist" value="amd64"/>
    <property name="sun.jnu.encoding" value="GBK"/>
    <property name="java.class.path" value="E:\java-web-project\microservices-data--sharing-project\authority-center\target\test-classes;E:\java-web-project\microservices-data--sharing-project\authority-center\target\classes;D:\maven-repo\com\alibaba\cloud\spring-cloud-starter-alibaba-nacos-config\2.2.1.RELEASE\spring-cloud-starter-alibaba-nacos-config-2.2.1.RELEASE.jar;D:\maven-repo\com\alibaba\spring\spring-context-support\1.0.6\spring-context-support-1.0.6.jar;D:\maven-repo\com\alibaba\nacos\nacos-client\1.2.1\nacos-client-1.2.1.jar;D:\maven-repo\com\alibaba\nacos\nacos-common\1.2.1\nacos-common-1.2.1.jar;D:\maven-repo\commons-io\commons-io\2.2\commons-io-2.2.jar;D:\maven-repo\org\apache\commons\commons-lang3\3.9\commons-lang3-3.9.jar;D:\maven-repo\com\alibaba\nacos\nacos-api\1.2.1\nacos-api-1.2.1.jar;D:\maven-repo\com\google\guava\guava\28.2-android\guava-28.2-android.jar;D:\maven-repo\com\google\guava\failureaccess\1.0.1\failureaccess-1.0.1.jar;D:\maven-repo\com\google\guava\listenablefuture\9999.0-empty-to-avoid-conflict-with-guava\listenablefuture-9999.0-empty-to-avoid-conflict-with-guava.jar;D:\maven-repo\com\google\code\findbugs\jsr305\3.0.2\jsr305-3.0.2.jar;D:\maven-repo\org\checkerframework\checker-compat-qual\2.5.5\checker-compat-qual-2.5.5.jar;D:\maven-repo\com\google\errorprone\error_prone_annotations\2.3.4\error_prone_annotations-2.3.4.jar;D:\maven-repo\com\google\j2objc\j2objc-annotations\1.3\j2objc-annotations-1.3.jar;D:\maven-repo\commons-codec\commons-codec\1.13\commons-codec-1.13.jar;D:\maven-repo\com\fasterxml\jackson\core\jackson-core\2.10.2\jackson-core-2.10.2.jar;D:\maven-repo\com\fasterxml\jackson\core\jackson-databind\2.10.2\jackson-databind-2.10.2.jar;D:\maven-repo\com\fasterxml\jackson\core\jackson-annotations\2.10.2\jackson-annotations-2.10.2.jar;D:\maven-repo\io\prometheus\simpleclient\0.5.0\simpleclient-0.5.0.jar;D:\maven-repo\org\springframework\cloud\spring-cloud-commons\2.2.2.RELEASE\spring-cloud-commons-2.2.2.RELEASE.jar;D:\maven-repo\org\springframework\security\spring-security-crypto\5.2.2.RELEASE\spring-security-crypto-5.2.2.RELEASE.jar;D:\maven-repo\org\springframework\cloud\spring-cloud-context\2.2.2.RELEASE\spring-cloud-context-2.2.2.RELEASE.jar;D:\maven-repo\org\springframework\boot\spring-boot-starter\2.2.5.RELEASE\spring-boot-starter-2.2.5.RELEASE.jar;D:\maven-repo\org\springframework\boot\spring-boot\2.2.5.RELEASE\spring-boot-2.2.5.RELEASE.jar;D:\maven-repo\org\springframework\spring-context\5.2.4.RELEASE\spring-context-5.2.4.RELEASE.jar;D:\maven-repo\org\springframework\boot\spring-boot-autoconfigure\2.2.5.RELEASE\spring-boot-autoconfigure-2.2.5.RELEASE.jar;D:\maven-repo\org\springframework\boot\spring-boot-starter-logging\2.2.5.RELEASE\spring-boot-starter-logging-2.2.5.RELEASE.jar;D:\maven-repo\ch\qos\logback\logback-classic\1.2.3\logback-classic-1.2.3.jar;D:\maven-repo\ch\qos\logback\logback-core\1.2.3\logback-core-1.2.3.jar;D:\maven-repo\org\apache\logging\log4j\log4j-to-slf4j\2.12.1\log4j-to-slf4j-2.12.1.jar;D:\maven-repo\org\apache\logging\log4j\log4j-api\2.12.1\log4j-api-2.12.1.jar;D:\maven-repo\org\slf4j\jul-to-slf4j\1.7.30\jul-to-slf4j-1.7.30.jar;D:\maven-repo\jakarta\annotation\jakarta.annotation-api\1.3.5\jakarta.annotation-api-1.3.5.jar;D:\maven-repo\org\springframework\spring-core\5.2.4.RELEASE\spring-core-5.2.4.RELEASE.jar;D:\maven-repo\org\springframework\spring-jcl\5.2.4.RELEASE\spring-jcl-5.2.4.RELEASE.jar;D:\maven-repo\org\yaml\snakeyaml\1.25\snakeyaml-1.25.jar;D:\maven-repo\org\springframework\boot\spring-boot-starter-web\2.2.5.RELEASE\spring-boot-starter-web-2.2.5.RELEASE.jar;D:\maven-repo\org\springframework\boot\spring-boot-starter-json\2.2.5.RELEASE\spring-boot-starter-json-2.2.5.RELEASE.jar;D:\maven-repo\com\fasterxml\jackson\datatype\jackson-datatype-jdk8\2.10.2\jackson-datatype-jdk8-2.10.2.jar;D:\maven-repo\com\fasterxml\jackson\datatype\jackson-datatype-jsr310\2.10.2\jackson-datatype-jsr310-2.10.2.jar;D:\maven-repo\com\fasterxml\jackson\module\jackson-module-parameter-names\2.10.2\jackson-module-parameter-names-2.10.2.jar;D:\maven-repo\org\springframework\boot\spring-boot-starter-tomcat\2.2.5.RELEASE\spring-boot-starter-tomcat-2.2.5.RELEASE.jar;D:\maven-repo\org\apache\tomcat\embed\tomcat-embed-core\9.0.31\tomcat-embed-core-9.0.31.jar;D:\maven-repo\org\apache\tomcat\embed\tomcat-embed-el\9.0.31\tomcat-embed-el-9.0.31.jar;D:\maven-repo\org\apache\tomcat\embed\tomcat-embed-websocket\9.0.31\tomcat-embed-websocket-9.0.31.jar;D:\maven-repo\org\springframework\boot\spring-boot-starter-validation\2.2.5.RELEASE\spring-boot-starter-validation-2.2.5.RELEASE.jar;D:\maven-repo\jakarta\validation\jakarta.validation-api\2.0.2\jakarta.validation-api-2.0.2.jar;D:\maven-repo\org\hibernate\validator\hibernate-validator\6.0.18.Final\hibernate-validator-6.0.18.Final.jar;D:\maven-repo\org\jboss\logging\jboss-logging\3.4.1.Final\jboss-logging-3.4.1.Final.jar;D:\maven-repo\com\fasterxml\classmate\1.5.1\classmate-1.5.1.jar;D:\maven-repo\org\springframework\spring-web\5.2.4.RELEASE\spring-web-5.2.4.RELEASE.jar;D:\maven-repo\org\springframework\spring-beans\5.2.4.RELEASE\spring-beans-5.2.4.RELEASE.jar;D:\maven-repo\org\springframework\spring-webmvc\5.2.4.RELEASE\spring-webmvc-5.2.4.RELEASE.jar;D:\maven-repo\org\springframework\spring-aop\5.2.4.RELEASE\spring-aop-5.2.4.RELEASE.jar;D:\maven-repo\org\springframework\spring-expression\5.2.4.RELEASE\spring-expression-5.2.4.RELEASE.jar;D:\maven-repo\com\alibaba\cloud\spring-cloud-starter-alibaba-nacos-discovery\2.2.1.RELEASE\spring-cloud-starter-alibaba-nacos-discovery-2.2.1.RELEASE.jar;D:\maven-repo\org\springframework\cloud\spring-cloud-starter-netflix-ribbon\2.2.2.RELEASE\spring-cloud-starter-netflix-ribbon-2.2.2.RELEASE.jar;D:\maven-repo\org\springframework\cloud\spring-cloud-starter\2.2.2.RELEASE\spring-cloud-starter-2.2.2.RELEASE.jar;D:\maven-repo\org\springframework\security\spring-security-rsa\1.0.9.RELEASE\spring-security-rsa-1.0.9.RELEASE.jar;D:\maven-repo\org\bouncycastle\bcpkix-jdk15on\1.64\bcpkix-jdk15on-1.64.jar;D:\maven-repo\org\bouncycastle\bcprov-jdk15on\1.64\bcprov-jdk15on-1.64.jar;D:\maven-repo\org\springframework\cloud\spring-cloud-netflix-ribbon\2.2.2.RELEASE\spring-cloud-netflix-ribbon-2.2.2.RELEASE.jar;D:\maven-repo\org\springframework\cloud\spring-cloud-netflix-archaius\2.2.2.RELEASE\spring-cloud-netflix-archaius-2.2.2.RELEASE.jar;D:\maven-repo\org\springframework\cloud\spring-cloud-starter-netflix-archaius\2.2.2.RELEASE\spring-cloud-starter-netflix-archaius-2.2.2.RELEASE.jar;D:\maven-repo\com\netflix\archaius\archaius-core\0.7.6\archaius-core-0.7.6.jar;D:\maven-repo\commons-configuration\commons-configuration\1.8\commons-configuration-1.8.jar;D:\maven-repo\com\netflix\ribbon\ribbon\2.3.0\ribbon-2.3.0.jar;D:\maven-repo\com\netflix\ribbon\ribbon-transport\2.3.0\ribbon-transport-2.3.0.jar;D:\maven-repo\io\reactivex\rxnetty-contexts\0.4.9\rxnetty-contexts-0.4.9.jar;D:\maven-repo\io\reactivex\rxnetty-servo\0.4.9\rxnetty-servo-0.4.9.jar;D:\maven-repo\com\netflix\hystrix\hystrix-core\1.5.18\hystrix-core-1.5.18.jar;D:\maven-repo\javax\inject\javax.inject\1\javax.inject-1.jar;D:\maven-repo\io\reactivex\rxnetty\0.4.9\rxnetty-0.4.9.jar;D:\maven-repo\com\netflix\ribbon\ribbon-core\2.3.0\ribbon-core-2.3.0.jar;D:\maven-repo\commons-lang\commons-lang\2.6\commons-lang-2.6.jar;D:\maven-repo\com\netflix\ribbon\ribbon-httpclient\2.3.0\ribbon-httpclient-2.3.0.jar;D:\maven-repo\commons-collections\commons-collections\3.2.2\commons-collections-3.2.2.jar;D:\maven-repo\org\apache\httpcomponents\httpclient\4.5.11\httpclient-4.5.11.jar;D:\maven-repo\org\apache\httpcomponents\httpcore\4.4.13\httpcore-4.4.13.jar;D:\maven-repo\com\sun\jersey\jersey-client\1.19.1\jersey-client-1.19.1.jar;D:\maven-repo\com\sun\jersey\jersey-core\1.19.1\jersey-core-1.19.1.jar;D:\maven-repo\javax\ws\rs\jsr311-api\1.1.1\jsr311-api-1.1.1.jar;D:\maven-repo\com\sun\jersey\contribs\jersey-apache-client4\1.19.1\jersey-apache-client4-1.19.1.jar;D:\maven-repo\com\netflix\servo\servo-core\0.12.21\servo-core-0.12.21.jar;D:\maven-repo\com\netflix\netflix-commons\netflix-commons-util\0.3.0\netflix-commons-util-0.3.0.jar;D:\maven-repo\com\netflix\ribbon\ribbon-loadbalancer\2.3.0\ribbon-loadbalancer-2.3.0.jar;D:\maven-repo\com\netflix\netflix-commons\netflix-statistics\0.1.1\netflix-statistics-0.1.1.jar;D:\maven-repo\io\reactivex\rxjava\1.3.8\rxjava-1.3.8.jar;D:\maven-repo\org\springframework\boot\spring-boot-starter-actuator\2.2.5.RELEASE\spring-boot-starter-actuator-2.2.5.RELEASE.jar;D:\maven-repo\org\springframework\boot\spring-boot-actuator-autoconfigure\2.2.5.RELEASE\spring-boot-actuator-autoconfigure-2.2.5.RELEASE.jar;D:\maven-repo\org\springframework\boot\spring-boot-actuator\2.2.5.RELEASE\spring-boot-actuator-2.2.5.RELEASE.jar;D:\maven-repo\io\micrometer\micrometer-core\1.3.5\micrometer-core-1.3.5.jar;D:\maven-repo\org\hdrhistogram\HdrHistogram\2.1.11\HdrHistogram-2.1.11.jar;D:\maven-repo\org\latencyutils\LatencyUtils\2.0.3\LatencyUtils-2.0.3.jar;D:\maven-repo\org\springframework\boot\spring-boot-starter-jdbc\2.2.5.RELEASE\spring-boot-starter-jdbc-2.2.5.RELEASE.jar;D:\maven-repo\com\zaxxer\HikariCP\3.4.2\HikariCP-3.4.2.jar;D:\maven-repo\org\slf4j\slf4j-api\1.7.30\slf4j-api-1.7.30.jar;D:\maven-repo\org\springframework\spring-jdbc\5.2.4.RELEASE\spring-jdbc-5.2.4.RELEASE.jar;D:\maven-repo\org\springframework\spring-tx\5.2.4.RELEASE\spring-tx-5.2.4.RELEASE.jar;D:\maven-repo\org\mybatis\spring\boot\mybatis-spring-boot-starter\2.2.2\mybatis-spring-boot-starter-2.2.2.jar;D:\maven-repo\org\mybatis\spring\boot\mybatis-spring-boot-autoconfigure\2.2.2\mybatis-spring-boot-autoconfigure-2.2.2.jar;D:\maven-repo\org\mybatis\mybatis\3.5.9\mybatis-3.5.9.jar;D:\maven-repo\org\mybatis\mybatis-spring\2.0.7\mybatis-spring-2.0.7.jar;D:\maven-repo\org\springframework\boot\spring-boot-starter-test\2.2.5.RELEASE\spring-boot-starter-test-2.2.5.RELEASE.jar;D:\maven-repo\org\springframework\boot\spring-boot-test\2.2.5.RELEASE\spring-boot-test-2.2.5.RELEASE.jar;D:\maven-repo\org\springframework\boot\spring-boot-test-autoconfigure\2.2.5.RELEASE\spring-boot-test-autoconfigure-2.2.5.RELEASE.jar;D:\maven-repo\com\jayway\jsonpath\json-path\2.4.0\json-path-2.4.0.jar;D:\maven-repo\net\minidev\json-smart\2.3\json-smart-2.3.jar;D:\maven-repo\net\minidev\accessors-smart\1.2\accessors-smart-1.2.jar;D:\maven-repo\org\ow2\asm\asm\5.0.4\asm-5.0.4.jar;D:\maven-repo\jakarta\xml\bind\jakarta.xml.bind-api\2.3.2\jakarta.xml.bind-api-2.3.2.jar;D:\maven-repo\jakarta\activation\jakarta.activation-api\1.2.2\jakarta.activation-api-1.2.2.jar;D:\maven-repo\org\junit\jupiter\junit-jupiter\5.5.2\junit-jupiter-5.5.2.jar;D:\maven-repo\org\junit\jupiter\junit-jupiter-api\5.5.2\junit-jupiter-api-5.5.2.jar;D:\maven-repo\org\opentest4j\opentest4j\1.2.0\opentest4j-1.2.0.jar;D:\maven-repo\org\junit\platform\junit-platform-commons\1.5.2\junit-platform-commons-1.5.2.jar;D:\maven-repo\org\junit\jupiter\junit-jupiter-params\5.5.2\junit-jupiter-params-5.5.2.jar;D:\maven-repo\org\junit\jupiter\junit-jupiter-engine\5.5.2\junit-jupiter-engine-5.5.2.jar;D:\maven-repo\org\junit\vintage\junit-vintage-engine\5.5.2\junit-vintage-engine-5.5.2.jar;D:\maven-repo\org\apiguardian\apiguardian-api\1.1.0\apiguardian-api-1.1.0.jar;D:\maven-repo\org\junit\platform\junit-platform-engine\1.5.2\junit-platform-engine-1.5.2.jar;D:\maven-repo\junit\junit\4.12\junit-4.12.jar;D:\maven-repo\org\mockito\mockito-junit-jupiter\3.1.0\mockito-junit-jupiter-3.1.0.jar;D:\maven-repo\org\assertj\assertj-core\3.13.2\assertj-core-3.13.2.jar;D:\maven-repo\org\hamcrest\hamcrest\2.1\hamcrest-2.1.jar;D:\maven-repo\org\mockito\mockito-core\3.1.0\mockito-core-3.1.0.jar;D:\maven-repo\net\bytebuddy\byte-buddy\1.10.8\byte-buddy-1.10.8.jar;D:\maven-repo\net\bytebuddy\byte-buddy-agent\1.10.8\byte-buddy-agent-1.10.8.jar;D:\maven-repo\org\objenesis\objenesis\2.6\objenesis-2.6.jar;D:\maven-repo\org\skyscreamer\jsonassert\1.5.0\jsonassert-1.5.0.jar;D:\maven-repo\com\vaadin\external\google\android-json\0.0.20131108.vaadin1\android-json-0.0.20131108.vaadin1.jar;D:\maven-repo\org\springframework\spring-test\5.2.4.RELEASE\spring-test-5.2.4.RELEASE.jar;D:\maven-repo\org\xmlunit\xmlunit-core\2.6.3\xmlunit-core-2.6.3.jar;D:\maven-repo\mysql\mysql-connector-java\8.0.28\mysql-connector-java-8.0.28.jar;D:\maven-repo\com\google\protobuf\protobuf-java\3.11.4\protobuf-java-3.11.4.jar;D:\maven-repo\org\example\common\1.0-SNAPSHOT\common-1.0-SNAPSHOT.jar;D:\maven-repo\io\jsonwebtoken\jjwt-api\0.11.2\jjwt-api-0.11.2.jar;D:\maven-repo\io\jsonwebtoken\jjwt-impl\0.11.2\jjwt-impl-0.11.2.jar;D:\maven-repo\io\jsonwebtoken\jjwt-jackson\0.11.2\jjwt-jackson-0.11.2.jar;D:\maven-repo\org\projectlombok\lombok\1.18.20\lombok-1.18.20.jar;D:\maven-repo\com\alibaba\fastjson\1.2.62\fastjson-1.2.62.jar;"/>
    <property name="java.vm.vendor" value="Oracle Corporation"/>
    <property name="sun.arch.data.model" value="64"/>
    <property name="user.variant" value=""/>
    <property name="java.vendor.url" value="https://openjdk.java.net/"/>
    <property name="user.timezone" value="Asia/Shanghai"/>
    <property name="java.vm.specification.version" value="11"/>
    <property name="os.name" value="Windows 10"/>
    <property name="sun.java.launcher" value="SUN_STANDARD"/>
    <property name="user.country" value="CN"/>
    <property name="sun.boot.library.path" value="D:\Program Files\Java\jdk-11.0.11\bin"/>
    <property name="sun.java.command" value="C:\Users\word\AppData\Local\Temp\surefire4064638645908212773\surefirebooter3694463989366187008.jar C:\Users\word\AppData\Local\Temp\surefire4064638645908212773 2023-04-07T21-50-18_291-jvmRun1 surefire4062582344011104473tmp surefire_013189943212931048597tmp"/>
    <property name="jdk.debug" value="release"/>
    <property name="surefire.test.class.path" value="E:\java-web-project\microservices-data--sharing-project\authority-center\target\test-classes;E:\java-web-project\microservices-data--sharing-project\authority-center\target\classes;D:\maven-repo\com\alibaba\cloud\spring-cloud-starter-alibaba-nacos-config\2.2.1.RELEASE\spring-cloud-starter-alibaba-nacos-config-2.2.1.RELEASE.jar;D:\maven-repo\com\alibaba\spring\spring-context-support\1.0.6\spring-context-support-1.0.6.jar;D:\maven-repo\com\alibaba\nacos\nacos-client\1.2.1\nacos-client-1.2.1.jar;D:\maven-repo\com\alibaba\nacos\nacos-common\1.2.1\nacos-common-1.2.1.jar;D:\maven-repo\commons-io\commons-io\2.2\commons-io-2.2.jar;D:\maven-repo\org\apache\commons\commons-lang3\3.9\commons-lang3-3.9.jar;D:\maven-repo\com\alibaba\nacos\nacos-api\1.2.1\nacos-api-1.2.1.jar;D:\maven-repo\com\google\guava\guava\28.2-android\guava-28.2-android.jar;D:\maven-repo\com\google\guava\failureaccess\1.0.1\failureaccess-1.0.1.jar;D:\maven-repo\com\google\guava\listenablefuture\9999.0-empty-to-avoid-conflict-with-guava\listenablefuture-9999.0-empty-to-avoid-conflict-with-guava.jar;D:\maven-repo\com\google\code\findbugs\jsr305\3.0.2\jsr305-3.0.2.jar;D:\maven-repo\org\checkerframework\checker-compat-qual\2.5.5\checker-compat-qual-2.5.5.jar;D:\maven-repo\com\google\errorprone\error_prone_annotations\2.3.4\error_prone_annotations-2.3.4.jar;D:\maven-repo\com\google\j2objc\j2objc-annotations\1.3\j2objc-annotations-1.3.jar;D:\maven-repo\commons-codec\commons-codec\1.13\commons-codec-1.13.jar;D:\maven-repo\com\fasterxml\jackson\core\jackson-core\2.10.2\jackson-core-2.10.2.jar;D:\maven-repo\com\fasterxml\jackson\core\jackson-databind\2.10.2\jackson-databind-2.10.2.jar;D:\maven-repo\com\fasterxml\jackson\core\jackson-annotations\2.10.2\jackson-annotations-2.10.2.jar;D:\maven-repo\io\prometheus\simpleclient\0.5.0\simpleclient-0.5.0.jar;D:\maven-repo\org\springframework\cloud\spring-cloud-commons\2.2.2.RELEASE\spring-cloud-commons-2.2.2.RELEASE.jar;D:\maven-repo\org\springframework\security\spring-security-crypto\5.2.2.RELEASE\spring-security-crypto-5.2.2.RELEASE.jar;D:\maven-repo\org\springframework\cloud\spring-cloud-context\2.2.2.RELEASE\spring-cloud-context-2.2.2.RELEASE.jar;D:\maven-repo\org\springframework\boot\spring-boot-starter\2.2.5.RELEASE\spring-boot-starter-2.2.5.RELEASE.jar;D:\maven-repo\org\springframework\boot\spring-boot\2.2.5.RELEASE\spring-boot-2.2.5.RELEASE.jar;D:\maven-repo\org\springframework\spring-context\5.2.4.RELEASE\spring-context-5.2.4.RELEASE.jar;D:\maven-repo\org\springframework\boot\spring-boot-autoconfigure\2.2.5.RELEASE\spring-boot-autoconfigure-2.2.5.RELEASE.jar;D:\maven-repo\org\springframework\boot\spring-boot-starter-logging\2.2.5.RELEASE\spring-boot-starter-logging-2.2.5.RELEASE.jar;D:\maven-repo\ch\qos\logback\logback-classic\1.2.3\logback-classic-1.2.3.jar;D:\maven-repo\ch\qos\logback\logback-core\1.2.3\logback-core-1.2.3.jar;D:\maven-repo\org\apache\logging\log4j\log4j-to-slf4j\2.12.1\log4j-to-slf4j-2.12.1.jar;D:\maven-repo\org\apache\logging\log4j\log4j-api\2.12.1\log4j-api-2.12.1.jar;D:\maven-repo\org\slf4j\jul-to-slf4j\1.7.30\jul-to-slf4j-1.7.30.jar;D:\maven-repo\jakarta\annotation\jakarta.annotation-api\1.3.5\jakarta.annotation-api-1.3.5.jar;D:\maven-repo\org\springframework\spring-core\5.2.4.RELEASE\spring-core-5.2.4.RELEASE.jar;D:\maven-repo\org\springframework\spring-jcl\5.2.4.RELEASE\spring-jcl-5.2.4.RELEASE.jar;D:\maven-repo\org\yaml\snakeyaml\1.25\snakeyaml-1.25.jar;D:\maven-repo\org\springframework\boot\spring-boot-starter-web\2.2.5.RELEASE\spring-boot-starter-web-2.2.5.RELEASE.jar;D:\maven-repo\org\springframework\boot\spring-boot-starter-json\2.2.5.RELEASE\spring-boot-starter-json-2.2.5.RELEASE.jar;D:\maven-repo\com\fasterxml\jackson\datatype\jackson-datatype-jdk8\2.10.2\jackson-datatype-jdk8-2.10.2.jar;D:\maven-repo\com\fasterxml\jackson\datatype\jackson-datatype-jsr310\2.10.2\jackson-datatype-jsr310-2.10.2.jar;D:\maven-repo\com\fasterxml\jackson\module\jackson-module-parameter-names\2.10.2\jackson-module-parameter-names-2.10.2.jar;D:\maven-repo\org\springframework\boot\spring-boot-starter-tomcat\2.2.5.RELEASE\spring-boot-starter-tomcat-2.2.5.RELEASE.jar;D:\maven-repo\org\apache\tomcat\embed\tomcat-embed-core\9.0.31\tomcat-embed-core-9.0.31.jar;D:\maven-repo\org\apache\tomcat\embed\tomcat-embed-el\9.0.31\tomcat-embed-el-9.0.31.jar;D:\maven-repo\org\apache\tomcat\embed\tomcat-embed-websocket\9.0.31\tomcat-embed-websocket-9.0.31.jar;D:\maven-repo\org\springframework\boot\spring-boot-starter-validation\2.2.5.RELEASE\spring-boot-starter-validation-2.2.5.RELEASE.jar;D:\maven-repo\jakarta\validation\jakarta.validation-api\2.0.2\jakarta.validation-api-2.0.2.jar;D:\maven-repo\org\hibernate\validator\hibernate-validator\6.0.18.Final\hibernate-validator-6.0.18.Final.jar;D:\maven-repo\org\jboss\logging\jboss-logging\3.4.1.Final\jboss-logging-3.4.1.Final.jar;D:\maven-repo\com\fasterxml\classmate\1.5.1\classmate-1.5.1.jar;D:\maven-repo\org\springframework\spring-web\5.2.4.RELEASE\spring-web-5.2.4.RELEASE.jar;D:\maven-repo\org\springframework\spring-beans\5.2.4.RELEASE\spring-beans-5.2.4.RELEASE.jar;D:\maven-repo\org\springframework\spring-webmvc\5.2.4.RELEASE\spring-webmvc-5.2.4.RELEASE.jar;D:\maven-repo\org\springframework\spring-aop\5.2.4.RELEASE\spring-aop-5.2.4.RELEASE.jar;D:\maven-repo\org\springframework\spring-expression\5.2.4.RELEASE\spring-expression-5.2.4.RELEASE.jar;D:\maven-repo\com\alibaba\cloud\spring-cloud-starter-alibaba-nacos-discovery\2.2.1.RELEASE\spring-cloud-starter-alibaba-nacos-discovery-2.2.1.RELEASE.jar;D:\maven-repo\org\springframework\cloud\spring-cloud-starter-netflix-ribbon\2.2.2.RELEASE\spring-cloud-starter-netflix-ribbon-2.2.2.RELEASE.jar;D:\maven-repo\org\springframework\cloud\spring-cloud-starter\2.2.2.RELEASE\spring-cloud-starter-2.2.2.RELEASE.jar;D:\maven-repo\org\springframework\security\spring-security-rsa\1.0.9.RELEASE\spring-security-rsa-1.0.9.RELEASE.jar;D:\maven-repo\org\bouncycastle\bcpkix-jdk15on\1.64\bcpkix-jdk15on-1.64.jar;D:\maven-repo\org\bouncycastle\bcprov-jdk15on\1.64\bcprov-jdk15on-1.64.jar;D:\maven-repo\org\springframework\cloud\spring-cloud-netflix-ribbon\2.2.2.RELEASE\spring-cloud-netflix-ribbon-2.2.2.RELEASE.jar;D:\maven-repo\org\springframework\cloud\spring-cloud-netflix-archaius\2.2.2.RELEASE\spring-cloud-netflix-archaius-2.2.2.RELEASE.jar;D:\maven-repo\org\springframework\cloud\spring-cloud-starter-netflix-archaius\2.2.2.RELEASE\spring-cloud-starter-netflix-archaius-2.2.2.RELEASE.jar;D:\maven-repo\com\netflix\archaius\archaius-core\0.7.6\archaius-core-0.7.6.jar;D:\maven-repo\commons-configuration\commons-configuration\1.8\commons-configuration-1.8.jar;D:\maven-repo\com\netflix\ribbon\ribbon\2.3.0\ribbon-2.3.0.jar;D:\maven-repo\com\netflix\ribbon\ribbon-transport\2.3.0\ribbon-transport-2.3.0.jar;D:\maven-repo\io\reactivex\rxnetty-contexts\0.4.9\rxnetty-contexts-0.4.9.jar;D:\maven-repo\io\reactivex\rxnetty-servo\0.4.9\rxnetty-servo-0.4.9.jar;D:\maven-repo\com\netflix\hystrix\hystrix-core\1.5.18\hystrix-core-1.5.18.jar;D:\maven-repo\javax\inject\javax.inject\1\javax.inject-1.jar;D:\maven-repo\io\reactivex\rxnetty\0.4.9\rxnetty-0.4.9.jar;D:\maven-repo\com\netflix\ribbon\ribbon-core\2.3.0\ribbon-core-2.3.0.jar;D:\maven-repo\commons-lang\commons-lang\2.6\commons-lang-2.6.jar;D:\maven-repo\com\netflix\ribbon\ribbon-httpclient\2.3.0\ribbon-httpclient-2.3.0.jar;D:\maven-repo\commons-collections\commons-collections\3.2.2\commons-collections-3.2.2.jar;D:\maven-repo\org\apache\httpcomponents\httpclient\4.5.11\httpclient-4.5.11.jar;D:\maven-repo\org\apache\httpcomponents\httpcore\4.4.13\httpcore-4.4.13.jar;D:\maven-repo\com\sun\jersey\jersey-client\1.19.1\jersey-client-1.19.1.jar;D:\maven-repo\com\sun\jersey\jersey-core\1.19.1\jersey-core-1.19.1.jar;D:\maven-repo\javax\ws\rs\jsr311-api\1.1.1\jsr311-api-1.1.1.jar;D:\maven-repo\com\sun\jersey\contribs\jersey-apache-client4\1.19.1\jersey-apache-client4-1.19.1.jar;D:\maven-repo\com\netflix\servo\servo-core\0.12.21\servo-core-0.12.21.jar;D:\maven-repo\com\netflix\netflix-commons\netflix-commons-util\0.3.0\netflix-commons-util-0.3.0.jar;D:\maven-repo\com\netflix\ribbon\ribbon-loadbalancer\2.3.0\ribbon-loadbalancer-2.3.0.jar;D:\maven-repo\com\netflix\netflix-commons\netflix-statistics\0.1.1\netflix-statistics-0.1.1.jar;D:\maven-repo\io\reactivex\rxjava\1.3.8\rxjava-1.3.8.jar;D:\maven-repo\org\springframework\boot\spring-boot-starter-actuator\2.2.5.RELEASE\spring-boot-starter-actuator-2.2.5.RELEASE.jar;D:\maven-repo\org\springframework\boot\spring-boot-actuator-autoconfigure\2.2.5.RELEASE\spring-boot-actuator-autoconfigure-2.2.5.RELEASE.jar;D:\maven-repo\org\springframework\boot\spring-boot-actuator\2.2.5.RELEASE\spring-boot-actuator-2.2.5.RELEASE.jar;D:\maven-repo\io\micrometer\micrometer-core\1.3.5\micrometer-core-1.3.5.jar;D:\maven-repo\org\hdrhistogram\HdrHistogram\2.1.11\HdrHistogram-2.1.11.jar;D:\maven-repo\org\latencyutils\LatencyUtils\2.0.3\LatencyUtils-2.0.3.jar;D:\maven-repo\org\springframework\boot\spring-boot-starter-jdbc\2.2.5.RELEASE\spring-boot-starter-jdbc-2.2.5.RELEASE.jar;D:\maven-repo\com\zaxxer\HikariCP\3.4.2\HikariCP-3.4.2.jar;D:\maven-repo\org\slf4j\slf4j-api\1.7.30\slf4j-api-1.7.30.jar;D:\maven-repo\org\springframework\spring-jdbc\5.2.4.RELEASE\spring-jdbc-5.2.4.RELEASE.jar;D:\maven-repo\org\springframework\spring-tx\5.2.4.RELEASE\spring-tx-5.2.4.RELEASE.jar;D:\maven-repo\org\mybatis\spring\boot\mybatis-spring-boot-starter\2.2.2\mybatis-spring-boot-starter-2.2.2.jar;D:\maven-repo\org\mybatis\spring\boot\mybatis-spring-boot-autoconfigure\2.2.2\mybatis-spring-boot-autoconfigure-2.2.2.jar;D:\maven-repo\org\mybatis\mybatis\3.5.9\mybatis-3.5.9.jar;D:\maven-repo\org\mybatis\mybatis-spring\2.0.7\mybatis-spring-2.0.7.jar;D:\maven-repo\org\springframework\boot\spring-boot-starter-test\2.2.5.RELEASE\spring-boot-starter-test-2.2.5.RELEASE.jar;D:\maven-repo\org\springframework\boot\spring-boot-test\2.2.5.RELEASE\spring-boot-test-2.2.5.RELEASE.jar;D:\maven-repo\org\springframework\boot\spring-boot-test-autoconfigure\2.2.5.RELEASE\spring-boot-test-autoconfigure-2.2.5.RELEASE.jar;D:\maven-repo\com\jayway\jsonpath\json-path\2.4.0\json-path-2.4.0.jar;D:\maven-repo\net\minidev\json-smart\2.3\json-smart-2.3.jar;D:\maven-repo\net\minidev\accessors-smart\1.2\accessors-smart-1.2.jar;D:\maven-repo\org\ow2\asm\asm\5.0.4\asm-5.0.4.jar;D:\maven-repo\jakarta\xml\bind\jakarta.xml.bind-api\2.3.2\jakarta.xml.bind-api-2.3.2.jar;D:\maven-repo\jakarta\activation\jakarta.activation-api\1.2.2\jakarta.activation-api-1.2.2.jar;D:\maven-repo\org\junit\jupiter\junit-jupiter\5.5.2\junit-jupiter-5.5.2.jar;D:\maven-repo\org\junit\jupiter\junit-jupiter-api\5.5.2\junit-jupiter-api-5.5.2.jar;D:\maven-repo\org\opentest4j\opentest4j\1.2.0\opentest4j-1.2.0.jar;D:\maven-repo\org\junit\platform\junit-platform-commons\1.5.2\junit-platform-commons-1.5.2.jar;D:\maven-repo\org\junit\jupiter\junit-jupiter-params\5.5.2\junit-jupiter-params-5.5.2.jar;D:\maven-repo\org\junit\jupiter\junit-jupiter-engine\5.5.2\junit-jupiter-engine-5.5.2.jar;D:\maven-repo\org\junit\vintage\junit-vintage-engine\5.5.2\junit-vintage-engine-5.5.2.jar;D:\maven-repo\org\apiguardian\apiguardian-api\1.1.0\apiguardian-api-1.1.0.jar;D:\maven-repo\org\junit\platform\junit-platform-engine\1.5.2\junit-platform-engine-1.5.2.jar;D:\maven-repo\junit\junit\4.12\junit-4.12.jar;D:\maven-repo\org\mockito\mockito-junit-jupiter\3.1.0\mockito-junit-jupiter-3.1.0.jar;D:\maven-repo\org\assertj\assertj-core\3.13.2\assertj-core-3.13.2.jar;D:\maven-repo\org\hamcrest\hamcrest\2.1\hamcrest-2.1.jar;D:\maven-repo\org\mockito\mockito-core\3.1.0\mockito-core-3.1.0.jar;D:\maven-repo\net\bytebuddy\byte-buddy\1.10.8\byte-buddy-1.10.8.jar;D:\maven-repo\net\bytebuddy\byte-buddy-agent\1.10.8\byte-buddy-agent-1.10.8.jar;D:\maven-repo\org\objenesis\objenesis\2.6\objenesis-2.6.jar;D:\maven-repo\org\skyscreamer\jsonassert\1.5.0\jsonassert-1.5.0.jar;D:\maven-repo\com\vaadin\external\google\android-json\0.0.20131108.vaadin1\android-json-0.0.20131108.vaadin1.jar;D:\maven-repo\org\springframework\spring-test\5.2.4.RELEASE\spring-test-5.2.4.RELEASE.jar;D:\maven-repo\org\xmlunit\xmlunit-core\2.6.3\xmlunit-core-2.6.3.jar;D:\maven-repo\mysql\mysql-connector-java\8.0.28\mysql-connector-java-8.0.28.jar;D:\maven-repo\com\google\protobuf\protobuf-java\3.11.4\protobuf-java-3.11.4.jar;D:\maven-repo\org\example\common\1.0-SNAPSHOT\common-1.0-SNAPSHOT.jar;D:\maven-repo\io\jsonwebtoken\jjwt-api\0.11.2\jjwt-api-0.11.2.jar;D:\maven-repo\io\jsonwebtoken\jjwt-impl\0.11.2\jjwt-impl-0.11.2.jar;D:\maven-repo\io\jsonwebtoken\jjwt-jackson\0.11.2\jjwt-jackson-0.11.2.jar;D:\maven-repo\org\projectlombok\lombok\1.18.20\lombok-1.18.20.jar;D:\maven-repo\com\alibaba\fastjson\1.2.62\fastjson-1.2.62.jar;"/>
    <property name="sun.cpu.endian" value="little"/>
    <property name="user.home" value="C:\Users\word"/>
    <property name="user.language" value="zh"/>
    <property name="java.specification.vendor" value="Oracle Corporation"/>
    <property name="java.version.date" value="2021-04-20"/>
    <property name="java.home" value="D:\Program Files\Java\jdk-11.0.11"/>
    <property name="file.separator" value="\"/>
    <property name="basedir" value="E:\java-web-project\microservices-data--sharing-project\authority-center"/>
    <property name="java.vm.compressedOopsMode" value="Zero based"/>
    <property name="line.separator" value="&#10;"/>
    <property name="java.specification.name" value="Java Platform API Specification"/>
    <property name="java.vm.specification.vendor" value="Oracle Corporation"/>
    <property name="java.awt.graphicsenv" value="sun.awt.Win32GraphicsEnvironment"/>
    <property name="surefire.real.class.path" value="C:\Users\word\AppData\Local\Temp\surefire4064638645908212773\surefirebooter3694463989366187008.jar"/>
    <property name="user.script" value=""/>
    <property name="sun.management.compiler" value="HotSpot 64-Bit Tiered Compilers"/>
    <property name="java.runtime.version" value="11.0.11+9-LTS-194"/>
    <property name="user.name" value="word"/>
    <property name="path.separator" value=";"/>
    <property name="os.version" value="10.0"/>
    <property name="java.runtime.name" value="Java(TM) SE Runtime Environment"/>
    <property name="file.encoding" value="GBK"/>
    <property name="java.vm.name" value="Java HotSpot(TM) 64-Bit Server VM"/>
    <property name="java.vendor.version" value="18.9"/>
    <property name="localRepository" value="D:\maven-repo"/>
    <property name="java.vendor.url.bug" value="https://bugreport.java.com/bugreport/"/>
    <property name="java.io.tmpdir" value="C:\Users\word\AppData\Local\Temp\"/>
    <property name="idea.version" value="2021.1.2"/>
    <property name="java.version" value="11.0.11"/>
    <property name="user.dir" value="E:\java-web-project\microservices-data--sharing-project\authority-center"/>
    <property name="os.arch" value="amd64"/>
    <property name="java.vm.specification.name" value="Java Virtual Machine Specification"/>
    <property name="java.awt.printerjob" value="sun.awt.windows.WPrinterJob"/>
    <property name="sun.os.patch.level" value=""/>
    <property name="java.library.path" value="D:\Program Files\Java\jdk-11.0.11\bin;C:\WINDOWS\Sun\Java\bin;C:\WINDOWS\system32;C:\WINDOWS;D:\Programs\Python\Python311\Scripts\;D:\Programs\Python\Python311\;C:\Program Files\Common Files\Oracle\Java\javapath;D:\VMwareVMware Workstation\bin\;C:\Windows\system32;C:\Windows;C:\Windows\System32\Wbem;C:\Windows\System32\OpenSSH\;D:\data\Git\cmd;D:\data\Git\mingw64\bin;D:\data\Git\usr\bin;C:\WINDOWS\system32;C:\WINDOWS;C:\WINDOWS\System32\Wbem;C:\WINDOWS\System32\WindowsPowerShell\v1.0\;C:\WINDOWS\System32\OpenSSH\;D:\phpstudy_pro\phpstudy_pro\Extensions\php\php7.3.4nts;C:\Program Files\Azure Data Studio\bin;D:\Program Files (x86)\NetSarang\Xshell 7\;D:\Program Files (x86)\NetSarang\Xftp 7\;D:\list\;D:\Program Files\MongoDB\Server\6.0\bin;D:\Program Files\MongoDB\mongosh-1.5.4-win32-x64\bin;C:\Users\word\AppData\Local\Yarn\Data\global\node_modules\koa-generator\bin;E:\Driver\chromedriver;C:\Program Files\Google\Chrome\Application;E:\Driver\Microsoft Edge WebDriver;D:\apache-maven-3.6.3\bin;D:\Mysql\mysql-8.0.28-winx64\bin;D:\sqllite\sqlite-tools-win32-x86-3400000;%USERPROFILE%\AppData\Local\Microsoft\WindowsApps;%IntelliJ IDEA Community Edition%;%PhpStorm%;C:\Program Files\Azure Data Studio\bin;D:\Program Files (x86)\Microsoft VS Code\bin;C:\Users\word\AppData\Roaming\npm;D:\Qt\Qt5.9.0\5.9\mingw53_32\bin;%PyCharm Community Edition%;D:\Program Files (x86)\Tencent\QQGameTempest\Hall.57938\;."/>
    <property name="java.vendor" value="Oracle Corporation"/>
    <property name="java.vm.info" value="mixed mode"/>
    <property name="java.vm.version" value="11.0.11+9-LTS-194"/>
    <property name="sun.io.unicode.encoding" value="UnicodeLittle"/>
    <property name="maven.repo.local" value="D:\maven-repo"/>
    <property name="java.class.version" value="55.0"/>
  </properties>
  <testcase name="test" classname="com.example.authority.AuthorityCenterApplicationTest" time="0.929">
    <error message="&#10;### Error updating database.  Cause: java.sql.SQLIntegrityConstraintViolationException: Duplicate entry &apos;zengshen.com&apos; for key &apos;t_ecommerce_user.username&apos;&#10;### The error may exist in file [E:\java-web-project\microservices-data--sharing-project\authority-center\target\classes\mapping\TEcommerceUserMapper.xml]&#10;### The error may involve com.example.authority.mapper.TEcommerceUserMapper.insert-Inline&#10;### The error occurred while setting parameters&#10;### SQL: insert into t_ecommerce_user (username, `password`, extra_info,        create_time, update_time)     values (?, ?, ?,        ?, ?)&#10;### Cause: java.sql.SQLIntegrityConstraintViolationException: Duplicate entry &apos;zengshen.com&apos; for key &apos;t_ecommerce_user.username&apos;&#10;; Duplicate entry &apos;zengshen.com&apos; for key &apos;t_ecommerce_user.username&apos;; nested exception is java.sql.SQLIntegrityConstraintViolationException: Duplicate entry &apos;zengshen.com&apos; for key &apos;t_ecommerce_user.username&apos;" type="org.springframework.dao.DuplicateKeyException">org.springframework.dao.DuplicateKeyException: 

### Error updating database.  Cause: java.sql.SQLIntegrityConstraintViolationException: Duplicate entry 'zengshen.com' for key 't_ecommerce_user.username'
### The error may exist in file [E:\java-web-project\microservices-data--sharing-project\authority-center\target\classes\mapping\TEcommerceUserMapper.xml]
### The error may involve com.example.authority.mapper.TEcommerceUserMapper.insert-Inline
### The error occurred while setting parameters
### SQL: insert into t_ecommerce_user (username, `password`, extra_info,        create_time, update_time)     values (?, ?, ?,        ?, ?)
### Cause: java.sql.SQLIntegrityConstraintViolationException: Duplicate entry 'zengshen.com' for key 't_ecommerce_user.username'
; Duplicate entry 'zengshen.com' for key 't_ecommerce_user.username'; nested exception is java.sql.SQLIntegrityConstraintViolationException: Duplicate entry 'zengshen.com' for key 't_ecommerce_user.username'
	at com.example.authority.AuthorityCenterApplicationTest.test(AuthorityCenterApplicationTest.java:31)
Caused by: java.sql.SQLIntegrityConstraintViolationException: Duplicate entry 'zengshen.com' for key 't_ecommerce_user.username'
	at com.example.authority.AuthorityCenterApplicationTest.test(AuthorityCenterApplicationTest.java:31)
</error>
    <system-out><![CDATA[21:50:19.309 [main] DEBUG org.springframework.test.context.junit4.SpringJUnit4ClassRunner - SpringJUnit4ClassRunner constructor called with [class com.example.authority.AuthorityCenterApplicationTest]
21:50:19.325 [main] DEBUG org.springframework.test.context.BootstrapUtils - Instantiating CacheAwareContextLoaderDelegate from class [org.springframework.test.context.cache.DefaultCacheAwareContextLoaderDelegate]
21:50:19.325 [main] DEBUG org.springframework.test.context.BootstrapUtils - Instantiating BootstrapContext using constructor [public org.springframework.test.context.support.DefaultBootstrapContext(java.lang.Class,org.springframework.test.context.CacheAwareContextLoaderDelegate)]
21:50:19.369 [main] DEBUG org.springframework.test.context.BootstrapUtils - Instantiating TestContextBootstrapper for test class [com.example.authority.AuthorityCenterApplicationTest] from class [org.springframework.boot.test.context.SpringBootTestContextBootstrapper]
21:50:19.385 [main] INFO org.springframework.boot.test.context.SpringBootTestContextBootstrapper - Neither @ContextConfiguration nor @ContextHierarchy found for test class [com.example.authority.AuthorityCenterApplicationTest], using SpringBootContextLoader
21:50:19.385 [main] DEBUG org.springframework.test.context.support.AbstractContextLoader - Did not detect default resource location for test class [com.example.authority.AuthorityCenterApplicationTest]: class path resource [com/example/authority/AuthorityCenterApplicationTest-context.xml] does not exist
21:50:19.385 [main] DEBUG org.springframework.test.context.support.AbstractContextLoader - Did not detect default resource location for test class [com.example.authority.AuthorityCenterApplicationTest]: class path resource [com/example/authority/AuthorityCenterApplicationTestContext.groovy] does not exist
21:50:19.385 [main] INFO org.springframework.test.context.support.AbstractContextLoader - Could not detect default resource locations for test class [com.example.authority.AuthorityCenterApplicationTest]: no resource found for suffixes {-context.xml, Context.groovy}.
21:50:19.385 [main] INFO org.springframework.test.context.support.AnnotationConfigContextLoaderUtils - Could not detect default configuration classes for test class [com.example.authority.AuthorityCenterApplicationTest]: AuthorityCenterApplicationTest does not declare any static, non-private, non-final, nested classes annotated with @Configuration.
21:50:19.433 [main] DEBUG org.springframework.test.context.support.ActiveProfilesUtils - Could not find an 'annotation declaring class' for annotation type [org.springframework.test.context.ActiveProfiles] and class [com.example.authority.AuthorityCenterApplicationTest]
21:50:19.512 [main] DEBUG org.springframework.context.annotation.ClassPathScanningCandidateComponentProvider - Identified candidate component class: file [E:\java-web-project\microservices-data--sharing-project\authority-center\target\classes\com\example\authority\AuthorityCenterApplication.class]
21:50:19.512 [main] INFO org.springframework.boot.test.context.SpringBootTestContextBootstrapper - Found @SpringBootConfiguration com.example.authority.AuthorityCenterApplication for test class com.example.authority.AuthorityCenterApplicationTest
21:50:19.617 [main] DEBUG org.springframework.boot.test.context.SpringBootTestContextBootstrapper - @TestExecutionListeners is not present for class [com.example.authority.AuthorityCenterApplicationTest]: using defaults.
21:50:19.617 [main] INFO org.springframework.boot.test.context.SpringBootTestContextBootstrapper - Loaded default TestExecutionListener class names from location [META-INF/spring.factories]: [org.springframework.boot.test.mock.mockito.MockitoTestExecutionListener, org.springframework.boot.test.mock.mockito.ResetMocksTestExecutionListener, org.springframework.boot.test.autoconfigure.restdocs.RestDocsTestExecutionListener, org.springframework.boot.test.autoconfigure.web.client.MockRestServiceServerResetTestExecutionListener, org.springframework.boot.test.autoconfigure.web.servlet.MockMvcPrintOnlyOnFailureTestExecutionListener, org.springframework.boot.test.autoconfigure.web.servlet.WebDriverTestExecutionListener, org.springframework.test.context.web.ServletTestExecutionListener, org.springframework.test.context.support.DirtiesContextBeforeModesTestExecutionListener, org.springframework.test.context.support.DependencyInjectionTestExecutionListener, org.springframework.test.context.support.DirtiesContextTestExecutionListener, org.springframework.test.context.transaction.TransactionalTestExecutionListener, org.springframework.test.context.jdbc.SqlScriptsTestExecutionListener, org.springframework.test.context.event.EventPublishingTestExecutionListener]
21:50:19.632 [main] INFO org.springframework.boot.test.context.SpringBootTestContextBootstrapper - Using TestExecutionListeners: [org.springframework.test.context.web.ServletTestExecutionListener@30b19518, org.springframework.test.context.support.DirtiesContextBeforeModesTestExecutionListener@363042d7, org.springframework.boot.test.mock.mockito.MockitoTestExecutionListener@366ac49b, org.springframework.boot.test.autoconfigure.SpringBootDependencyInjectionTestExecutionListener@6ad59d92, org.springframework.test.context.support.DirtiesContextTestExecutionListener@56f0cc85, org.springframework.test.context.transaction.TransactionalTestExecutionListener@62e20a76, org.springframework.test.context.jdbc.SqlScriptsTestExecutionListener@2cc44ad, org.springframework.test.context.event.EventPublishingTestExecutionListener@44b3606b, org.springframework.boot.test.mock.mockito.ResetMocksTestExecutionListener@1477089c, org.springframework.boot.test.autoconfigure.restdocs.RestDocsTestExecutionListener@663411de, org.springframework.boot.test.autoconfigure.web.client.MockRestServiceServerResetTestExecutionListener@63dd899, org.springframework.boot.test.autoconfigure.web.servlet.MockMvcPrintOnlyOnFailureTestExecutionListener@59d2400d, org.springframework.boot.test.autoconfigure.web.servlet.WebDriverTestExecutionListener@75cd8043]
21:50:19.648 [main] DEBUG org.springframework.test.annotation.ProfileValueUtils - Retrieved @ProfileValueSourceConfiguration [null] for test class [com.example.authority.AuthorityCenterApplicationTest]
21:50:19.648 [main] DEBUG org.springframework.test.annotation.ProfileValueUtils - Retrieved ProfileValueSource type [class org.springframework.test.annotation.SystemProfileValueSource] for class [com.example.authority.AuthorityCenterApplicationTest]
21:50:19.680 [main] DEBUG org.springframework.test.context.junit4.SpringJUnit4ClassRunner - SpringJUnit4ClassRunner constructor called with [class com.example.authority.service.impl.JWTServiceTest]
21:50:19.680 [main] DEBUG org.springframework.test.context.BootstrapUtils - Instantiating CacheAwareContextLoaderDelegate from class [org.springframework.test.context.cache.DefaultCacheAwareContextLoaderDelegate]
21:50:19.680 [main] DEBUG org.springframework.test.context.BootstrapUtils - Instantiating BootstrapContext using constructor [public org.springframework.test.context.support.DefaultBootstrapContext(java.lang.Class,org.springframework.test.context.CacheAwareContextLoaderDelegate)]
21:50:19.680 [main] DEBUG org.springframework.test.context.BootstrapUtils - Instantiating TestContextBootstrapper for test class [com.example.authority.service.impl.JWTServiceTest] from class [org.springframework.boot.test.context.SpringBootTestContextBootstrapper]
21:50:19.680 [main] INFO org.springframework.boot.test.context.SpringBootTestContextBootstrapper - Neither @ContextConfiguration nor @ContextHierarchy found for test class [com.example.authority.service.impl.JWTServiceTest], using SpringBootContextLoader
21:50:19.680 [main] DEBUG org.springframework.test.context.support.AbstractContextLoader - Did not detect default resource location for test class [com.example.authority.service.impl.JWTServiceTest]: class path resource [com/example/authority/service/impl/JWTServiceTest-context.xml] does not exist
21:50:19.680 [main] DEBUG org.springframework.test.context.support.AbstractContextLoader - Did not detect default resource location for test class [com.example.authority.service.impl.JWTServiceTest]: class path resource [com/example/authority/service/impl/JWTServiceTestContext.groovy] does not exist
21:50:19.680 [main] INFO org.springframework.test.context.support.AbstractContextLoader - Could not detect default resource locations for test class [com.example.authority.service.impl.JWTServiceTest]: no resource found for suffixes {-context.xml, Context.groovy}.
21:50:19.680 [main] INFO org.springframework.test.context.support.AnnotationConfigContextLoaderUtils - Could not detect default configuration classes for test class [com.example.authority.service.impl.JWTServiceTest]: JWTServiceTest does not declare any static, non-private, non-final, nested classes annotated with @Configuration.
21:50:19.680 [main] DEBUG org.springframework.test.context.support.ActiveProfilesUtils - Could not find an 'annotation declaring class' for annotation type [org.springframework.test.context.ActiveProfiles] and class [com.example.authority.service.impl.JWTServiceTest]
21:50:19.695 [main] DEBUG org.springframework.context.annotation.ClassPathScanningCandidateComponentProvider - Identified candidate component class: file [E:\java-web-project\microservices-data--sharing-project\authority-center\target\classes\com\example\authority\AuthorityCenterApplication.class]
21:50:19.695 [main] INFO org.springframework.boot.test.context.SpringBootTestContextBootstrapper - Found @SpringBootConfiguration com.example.authority.AuthorityCenterApplication for test class com.example.authority.service.impl.JWTServiceTest
21:50:19.695 [main] DEBUG org.springframework.boot.test.context.SpringBootTestContextBootstrapper - @TestExecutionListeners is not present for class [com.example.authority.service.impl.JWTServiceTest]: using defaults.
21:50:19.695 [main] INFO org.springframework.boot.test.context.SpringBootTestContextBootstrapper - Loaded default TestExecutionListener class names from location [META-INF/spring.factories]: [org.springframework.boot.test.mock.mockito.MockitoTestExecutionListener, org.springframework.boot.test.mock.mockito.ResetMocksTestExecutionListener, org.springframework.boot.test.autoconfigure.restdocs.RestDocsTestExecutionListener, org.springframework.boot.test.autoconfigure.web.client.MockRestServiceServerResetTestExecutionListener, org.springframework.boot.test.autoconfigure.web.servlet.MockMvcPrintOnlyOnFailureTestExecutionListener, org.springframework.boot.test.autoconfigure.web.servlet.WebDriverTestExecutionListener, org.springframework.test.context.web.ServletTestExecutionListener, org.springframework.test.context.support.DirtiesContextBeforeModesTestExecutionListener, org.springframework.test.context.support.DependencyInjectionTestExecutionListener, org.springframework.test.context.support.DirtiesContextTestExecutionListener, org.springframework.test.context.transaction.TransactionalTestExecutionListener, org.springframework.test.context.jdbc.SqlScriptsTestExecutionListener, org.springframework.test.context.event.EventPublishingTestExecutionListener]
21:50:19.695 [main] INFO org.springframework.boot.test.context.SpringBootTestContextBootstrapper - Using TestExecutionListeners: [org.springframework.test.context.web.ServletTestExecutionListener@13518f37, org.springframework.test.context.support.DirtiesContextBeforeModesTestExecutionListener@7cbc3762, org.springframework.boot.test.mock.mockito.MockitoTestExecutionListener@3a6f2de3, org.springframework.boot.test.autoconfigure.SpringBootDependencyInjectionTestExecutionListener@49872d67, org.springframework.test.context.support.DirtiesContextTestExecutionListener@56303b57, org.springframework.test.context.transaction.TransactionalTestExecutionListener@4b2a01d4, org.springframework.test.context.jdbc.SqlScriptsTestExecutionListener@8692d67, org.springframework.test.context.event.EventPublishingTestExecutionListener@78f5c518, org.springframework.boot.test.mock.mockito.ResetMocksTestExecutionListener@2f48b3d2, org.springframework.boot.test.autoconfigure.restdocs.RestDocsTestExecutionListener@34f7234e, org.springframework.boot.test.autoconfigure.web.client.MockRestServiceServerResetTestExecutionListener@753432a2, org.springframework.boot.test.autoconfigure.web.servlet.MockMvcPrintOnlyOnFailureTestExecutionListener@23bff419, org.springframework.boot.test.autoconfigure.web.servlet.WebDriverTestExecutionListener@4983159f]
21:50:19.695 [main] DEBUG org.springframework.test.annotation.ProfileValueUtils - Retrieved @ProfileValueSourceConfiguration [null] for test class [com.example.authority.service.impl.JWTServiceTest]
21:50:19.695 [main] DEBUG org.springframework.test.annotation.ProfileValueUtils - Retrieved ProfileValueSource type [class org.springframework.test.annotation.SystemProfileValueSource] for class [com.example.authority.service.impl.JWTServiceTest]
21:50:19.695 [main] DEBUG org.springframework.test.context.junit4.SpringJUnit4ClassRunner - SpringJUnit4ClassRunner constructor called with [class com.example.authority.service.RSATest]
21:50:19.695 [main] DEBUG org.springframework.test.context.BootstrapUtils - Instantiating CacheAwareContextLoaderDelegate from class [org.springframework.test.context.cache.DefaultCacheAwareContextLoaderDelegate]
21:50:19.695 [main] DEBUG org.springframework.test.context.BootstrapUtils - Instantiating BootstrapContext using constructor [public org.springframework.test.context.support.DefaultBootstrapContext(java.lang.Class,org.springframework.test.context.CacheAwareContextLoaderDelegate)]
21:50:19.695 [main] DEBUG org.springframework.test.context.BootstrapUtils - Instantiating TestContextBootstrapper for test class [com.example.authority.service.RSATest] from class [org.springframework.boot.test.context.SpringBootTestContextBootstrapper]
21:50:19.695 [main] INFO org.springframework.boot.test.context.SpringBootTestContextBootstrapper - Neither @ContextConfiguration nor @ContextHierarchy found for test class [com.example.authority.service.RSATest], using SpringBootContextLoader
21:50:19.695 [main] DEBUG org.springframework.test.context.support.AbstractContextLoader - Did not detect default resource location for test class [com.example.authority.service.RSATest]: class path resource [com/example/authority/service/RSATest-context.xml] does not exist
21:50:19.695 [main] DEBUG org.springframework.test.context.support.AbstractContextLoader - Did not detect default resource location for test class [com.example.authority.service.RSATest]: class path resource [com/example/authority/service/RSATestContext.groovy] does not exist
21:50:19.695 [main] INFO org.springframework.test.context.support.AbstractContextLoader - Could not detect default resource locations for test class [com.example.authority.service.RSATest]: no resource found for suffixes {-context.xml, Context.groovy}.
21:50:19.695 [main] INFO org.springframework.test.context.support.AnnotationConfigContextLoaderUtils - Could not detect default configuration classes for test class [com.example.authority.service.RSATest]: RSATest does not declare any static, non-private, non-final, nested classes annotated with @Configuration.
21:50:19.711 [main] DEBUG org.springframework.test.context.support.ActiveProfilesUtils - Could not find an 'annotation declaring class' for annotation type [org.springframework.test.context.ActiveProfiles] and class [com.example.authority.service.RSATest]
21:50:19.711 [main] DEBUG org.springframework.context.annotation.ClassPathScanningCandidateComponentProvider - Identified candidate component class: file [E:\java-web-project\microservices-data--sharing-project\authority-center\target\classes\com\example\authority\AuthorityCenterApplication.class]
21:50:19.711 [main] INFO org.springframework.boot.test.context.SpringBootTestContextBootstrapper - Found @SpringBootConfiguration com.example.authority.AuthorityCenterApplication for test class com.example.authority.service.RSATest
21:50:19.711 [main] DEBUG org.springframework.boot.test.context.SpringBootTestContextBootstrapper - @TestExecutionListeners is not present for class [com.example.authority.service.RSATest]: using defaults.
21:50:19.711 [main] INFO org.springframework.boot.test.context.SpringBootTestContextBootstrapper - Loaded default TestExecutionListener class names from location [META-INF/spring.factories]: [org.springframework.boot.test.mock.mockito.MockitoTestExecutionListener, org.springframework.boot.test.mock.mockito.ResetMocksTestExecutionListener, org.springframework.boot.test.autoconfigure.restdocs.RestDocsTestExecutionListener, org.springframework.boot.test.autoconfigure.web.client.MockRestServiceServerResetTestExecutionListener, org.springframework.boot.test.autoconfigure.web.servlet.MockMvcPrintOnlyOnFailureTestExecutionListener, org.springframework.boot.test.autoconfigure.web.servlet.WebDriverTestExecutionListener, org.springframework.test.context.web.ServletTestExecutionListener, org.springframework.test.context.support.DirtiesContextBeforeModesTestExecutionListener, org.springframework.test.context.support.DependencyInjectionTestExecutionListener, org.springframework.test.context.support.DirtiesContextTestExecutionListener, org.springframework.test.context.transaction.TransactionalTestExecutionListener, org.springframework.test.context.jdbc.SqlScriptsTestExecutionListener, org.springframework.test.context.event.EventPublishingTestExecutionListener]
21:50:19.711 [main] INFO org.springframework.boot.test.context.SpringBootTestContextBootstrapper - Using TestExecutionListeners: [org.springframework.test.context.web.ServletTestExecutionListener@44040454, org.springframework.test.context.support.DirtiesContextBeforeModesTestExecutionListener@65fe9e33, org.springframework.boot.test.mock.mockito.MockitoTestExecutionListener@18bc345, org.springframework.boot.test.autoconfigure.SpringBootDependencyInjectionTestExecutionListener@42f8285e, org.springframework.test.context.support.DirtiesContextTestExecutionListener@26bab2f1, org.springframework.test.context.transaction.TransactionalTestExecutionListener@3724af13, org.springframework.test.context.jdbc.SqlScriptsTestExecutionListener@68ead359, org.springframework.test.context.event.EventPublishingTestExecutionListener@6b53bcc2, org.springframework.boot.test.mock.mockito.ResetMocksTestExecutionListener@180da663, org.springframework.boot.test.autoconfigure.restdocs.RestDocsTestExecutionListener@a43ce46, org.springframework.boot.test.autoconfigure.web.client.MockRestServiceServerResetTestExecutionListener@340da44c, org.springframework.boot.test.autoconfigure.web.servlet.MockMvcPrintOnlyOnFailureTestExecutionListener@424ebba3, org.springframework.boot.test.autoconfigure.web.servlet.WebDriverTestExecutionListener@37052337]
21:50:19.711 [main] DEBUG org.springframework.test.annotation.ProfileValueUtils - Retrieved @ProfileValueSourceConfiguration [null] for test class [com.example.authority.service.RSATest]
21:50:19.711 [main] DEBUG org.springframework.test.annotation.ProfileValueUtils - Retrieved ProfileValueSource type [class org.springframework.test.annotation.SystemProfileValueSource] for class [com.example.authority.service.RSATest]
21:50:19.726 [main] DEBUG org.springframework.test.context.junit4.SpringJUnit4ClassRunner - SpringJUnit4ClassRunner constructor called with [class com.example.authority.AuthorityCenterApplicationTest]
21:50:19.726 [main] DEBUG org.springframework.test.context.BootstrapUtils - Instantiating CacheAwareContextLoaderDelegate from class [org.springframework.test.context.cache.DefaultCacheAwareContextLoaderDelegate]
21:50:19.726 [main] DEBUG org.springframework.test.context.BootstrapUtils - Instantiating BootstrapContext using constructor [public org.springframework.test.context.support.DefaultBootstrapContext(java.lang.Class,org.springframework.test.context.CacheAwareContextLoaderDelegate)]
21:50:19.732 [main] DEBUG org.springframework.test.context.BootstrapUtils - Instantiating TestContextBootstrapper for test class [com.example.authority.AuthorityCenterApplicationTest] from class [org.springframework.boot.test.context.SpringBootTestContextBootstrapper]
21:50:19.732 [main] INFO org.springframework.boot.test.context.SpringBootTestContextBootstrapper - Neither @ContextConfiguration nor @ContextHierarchy found for test class [com.example.authority.AuthorityCenterApplicationTest], using SpringBootContextLoader
21:50:19.732 [main] DEBUG org.springframework.test.context.support.AbstractContextLoader - Did not detect default resource location for test class [com.example.authority.AuthorityCenterApplicationTest]: class path resource [com/example/authority/AuthorityCenterApplicationTest-context.xml] does not exist
21:50:19.732 [main] DEBUG org.springframework.test.context.support.AbstractContextLoader - Did not detect default resource location for test class [com.example.authority.AuthorityCenterApplicationTest]: class path resource [com/example/authority/AuthorityCenterApplicationTestContext.groovy] does not exist
21:50:19.732 [main] INFO org.springframework.test.context.support.AbstractContextLoader - Could not detect default resource locations for test class [com.example.authority.AuthorityCenterApplicationTest]: no resource found for suffixes {-context.xml, Context.groovy}.
21:50:19.732 [main] INFO org.springframework.test.context.support.AnnotationConfigContextLoaderUtils - Could not detect default configuration classes for test class [com.example.authority.AuthorityCenterApplicationTest]: AuthorityCenterApplicationTest does not declare any static, non-private, non-final, nested classes annotated with @Configuration.
21:50:19.732 [main] DEBUG org.springframework.test.context.support.ActiveProfilesUtils - Could not find an 'annotation declaring class' for annotation type [org.springframework.test.context.ActiveProfiles] and class [com.example.authority.AuthorityCenterApplicationTest]
21:50:19.732 [main] INFO org.springframework.boot.test.context.SpringBootTestContextBootstrapper - Found @SpringBootConfiguration com.example.authority.AuthorityCenterApplication for test class com.example.authority.AuthorityCenterApplicationTest
21:50:19.732 [main] DEBUG org.springframework.boot.test.context.SpringBootTestContextBootstrapper - @TestExecutionListeners is not present for class [com.example.authority.AuthorityCenterApplicationTest]: using defaults.
21:50:19.732 [main] INFO org.springframework.boot.test.context.SpringBootTestContextBootstrapper - Loaded default TestExecutionListener class names from location [META-INF/spring.factories]: [org.springframework.boot.test.mock.mockito.MockitoTestExecutionListener, org.springframework.boot.test.mock.mockito.ResetMocksTestExecutionListener, org.springframework.boot.test.autoconfigure.restdocs.RestDocsTestExecutionListener, org.springframework.boot.test.autoconfigure.web.client.MockRestServiceServerResetTestExecutionListener, org.springframework.boot.test.autoconfigure.web.servlet.MockMvcPrintOnlyOnFailureTestExecutionListener, org.springframework.boot.test.autoconfigure.web.servlet.WebDriverTestExecutionListener, org.springframework.test.context.web.ServletTestExecutionListener, org.springframework.test.context.support.DirtiesContextBeforeModesTestExecutionListener, org.springframework.test.context.support.DependencyInjectionTestExecutionListener, org.springframework.test.context.support.DirtiesContextTestExecutionListener, org.springframework.test.context.transaction.TransactionalTestExecutionListener, org.springframework.test.context.jdbc.SqlScriptsTestExecutionListener, org.springframework.test.context.event.EventPublishingTestExecutionListener]
21:50:19.732 [main] INFO org.springframework.boot.test.context.SpringBootTestContextBootstrapper - Using TestExecutionListeners: [org.springframework.test.context.web.ServletTestExecutionListener@2d36e77e, org.springframework.test.context.support.DirtiesContextBeforeModesTestExecutionListener@61c9c3fd, org.springframework.boot.test.mock.mockito.MockitoTestExecutionListener@3b0c9195, org.springframework.boot.test.autoconfigure.SpringBootDependencyInjectionTestExecutionListener@366c4480, org.springframework.test.context.support.DirtiesContextTestExecutionListener@2c7b5824, org.springframework.test.context.transaction.TransactionalTestExecutionListener@302a07d, org.springframework.test.context.jdbc.SqlScriptsTestExecutionListener@5cdd09b1, org.springframework.test.context.event.EventPublishingTestExecutionListener@8c11eee, org.springframework.boot.test.mock.mockito.ResetMocksTestExecutionListener@7e8dcdaa, org.springframework.boot.test.autoconfigure.restdocs.RestDocsTestExecutionListener@681a8b4e, org.springframework.boot.test.autoconfigure.web.client.MockRestServiceServerResetTestExecutionListener@5cbe877d, org.springframework.boot.test.autoconfigure.web.servlet.MockMvcPrintOnlyOnFailureTestExecutionListener@5c08c46a, org.springframework.boot.test.autoconfigure.web.servlet.WebDriverTestExecutionListener@4cf8b2dc]
21:50:19.732 [main] DEBUG org.springframework.test.annotation.ProfileValueUtils - Retrieved @ProfileValueSourceConfiguration [null] for test class [com.example.authority.AuthorityCenterApplicationTest]
21:50:19.732 [main] DEBUG org.springframework.test.annotation.ProfileValueUtils - Retrieved ProfileValueSource type [class org.springframework.test.annotation.SystemProfileValueSource] for class [com.example.authority.AuthorityCenterApplicationTest]
21:50:19.732 [main] DEBUG org.springframework.test.context.junit4.SpringJUnit4ClassRunner - SpringJUnit4ClassRunner constructor called with [class com.example.authority.service.impl.JWTServiceTest]
21:50:19.732 [main] DEBUG org.springframework.test.context.BootstrapUtils - Instantiating CacheAwareContextLoaderDelegate from class [org.springframework.test.context.cache.DefaultCacheAwareContextLoaderDelegate]
21:50:19.732 [main] DEBUG org.springframework.test.context.BootstrapUtils - Instantiating BootstrapContext using constructor [public org.springframework.test.context.support.DefaultBootstrapContext(java.lang.Class,org.springframework.test.context.CacheAwareContextLoaderDelegate)]
21:50:19.732 [main] DEBUG org.springframework.test.context.BootstrapUtils - Instantiating TestContextBootstrapper for test class [com.example.authority.service.impl.JWTServiceTest] from class [org.springframework.boot.test.context.SpringBootTestContextBootstrapper]
21:50:19.732 [main] INFO org.springframework.boot.test.context.SpringBootTestContextBootstrapper - Neither @ContextConfiguration nor @ContextHierarchy found for test class [com.example.authority.service.impl.JWTServiceTest], using SpringBootContextLoader
21:50:19.732 [main] DEBUG org.springframework.test.context.support.AbstractContextLoader - Did not detect default resource location for test class [com.example.authority.service.impl.JWTServiceTest]: class path resource [com/example/authority/service/impl/JWTServiceTest-context.xml] does not exist
21:50:19.732 [main] DEBUG org.springframework.test.context.support.AbstractContextLoader - Did not detect default resource location for test class [com.example.authority.service.impl.JWTServiceTest]: class path resource [com/example/authority/service/impl/JWTServiceTestContext.groovy] does not exist
21:50:19.732 [main] INFO org.springframework.test.context.support.AbstractContextLoader - Could not detect default resource locations for test class [com.example.authority.service.impl.JWTServiceTest]: no resource found for suffixes {-context.xml, Context.groovy}.
21:50:19.732 [main] INFO org.springframework.test.context.support.AnnotationConfigContextLoaderUtils - Could not detect default configuration classes for test class [com.example.authority.service.impl.JWTServiceTest]: JWTServiceTest does not declare any static, non-private, non-final, nested classes annotated with @Configuration.
21:50:19.732 [main] DEBUG org.springframework.test.context.support.ActiveProfilesUtils - Could not find an 'annotation declaring class' for annotation type [org.springframework.test.context.ActiveProfiles] and class [com.example.authority.service.impl.JWTServiceTest]
21:50:19.732 [main] INFO org.springframework.boot.test.context.SpringBootTestContextBootstrapper - Found @SpringBootConfiguration com.example.authority.AuthorityCenterApplication for test class com.example.authority.service.impl.JWTServiceTest
21:50:19.732 [main] DEBUG org.springframework.boot.test.context.SpringBootTestContextBootstrapper - @TestExecutionListeners is not present for class [com.example.authority.service.impl.JWTServiceTest]: using defaults.
21:50:19.732 [main] INFO org.springframework.boot.test.context.SpringBootTestContextBootstrapper - Loaded default TestExecutionListener class names from location [META-INF/spring.factories]: [org.springframework.boot.test.mock.mockito.MockitoTestExecutionListener, org.springframework.boot.test.mock.mockito.ResetMocksTestExecutionListener, org.springframework.boot.test.autoconfigure.restdocs.RestDocsTestExecutionListener, org.springframework.boot.test.autoconfigure.web.client.MockRestServiceServerResetTestExecutionListener, org.springframework.boot.test.autoconfigure.web.servlet.MockMvcPrintOnlyOnFailureTestExecutionListener, org.springframework.boot.test.autoconfigure.web.servlet.WebDriverTestExecutionListener, org.springframework.test.context.web.ServletTestExecutionListener, org.springframework.test.context.support.DirtiesContextBeforeModesTestExecutionListener, org.springframework.test.context.support.DependencyInjectionTestExecutionListener, org.springframework.test.context.support.DirtiesContextTestExecutionListener, org.springframework.test.context.transaction.TransactionalTestExecutionListener, org.springframework.test.context.jdbc.SqlScriptsTestExecutionListener, org.springframework.test.context.event.EventPublishingTestExecutionListener]
21:50:19.732 [main] INFO org.springframework.boot.test.context.SpringBootTestContextBootstrapper - Using TestExecutionListeners: [org.springframework.test.context.web.ServletTestExecutionListener@5829e4f4, org.springframework.test.context.support.DirtiesContextBeforeModesTestExecutionListener@4218500f, org.springframework.boot.test.mock.mockito.MockitoTestExecutionListener@4bff64c2, org.springframework.boot.test.autoconfigure.SpringBootDependencyInjectionTestExecutionListener@1b2c4efb, org.springframework.test.context.support.DirtiesContextTestExecutionListener@c35172e, org.springframework.test.context.transaction.TransactionalTestExecutionListener@c2db68f, org.springframework.test.context.jdbc.SqlScriptsTestExecutionListener@3cc41abc, org.springframework.test.context.event.EventPublishingTestExecutionListener@4566d049, org.springframework.boot.test.mock.mockito.ResetMocksTestExecutionListener@61ce23ac, org.springframework.boot.test.autoconfigure.restdocs.RestDocsTestExecutionListener@3668d4, org.springframework.boot.test.autoconfigure.web.client.MockRestServiceServerResetTestExecutionListener@1c3b9394, org.springframework.boot.test.autoconfigure.web.servlet.MockMvcPrintOnlyOnFailureTestExecutionListener@6f2cfcc2, org.springframework.boot.test.autoconfigure.web.servlet.WebDriverTestExecutionListener@7f6f61c8]
21:50:19.732 [main] DEBUG org.springframework.test.annotation.ProfileValueUtils - Retrieved @ProfileValueSourceConfiguration [null] for test class [com.example.authority.service.impl.JWTServiceTest]
21:50:19.732 [main] DEBUG org.springframework.test.annotation.ProfileValueUtils - Retrieved ProfileValueSource type [class org.springframework.test.annotation.SystemProfileValueSource] for class [com.example.authority.service.impl.JWTServiceTest]
21:50:19.732 [main] DEBUG org.springframework.test.context.junit4.SpringJUnit4ClassRunner - SpringJUnit4ClassRunner constructor called with [class com.example.authority.service.RSATest]
21:50:19.732 [main] DEBUG org.springframework.test.context.BootstrapUtils - Instantiating CacheAwareContextLoaderDelegate from class [org.springframework.test.context.cache.DefaultCacheAwareContextLoaderDelegate]
21:50:19.748 [main] DEBUG org.springframework.test.context.BootstrapUtils - Instantiating BootstrapContext using constructor [public org.springframework.test.context.support.DefaultBootstrapContext(java.lang.Class,org.springframework.test.context.CacheAwareContextLoaderDelegate)]
21:50:19.748 [main] DEBUG org.springframework.test.context.BootstrapUtils - Instantiating TestContextBootstrapper for test class [com.example.authority.service.RSATest] from class [org.springframework.boot.test.context.SpringBootTestContextBootstrapper]
21:50:19.748 [main] INFO org.springframework.boot.test.context.SpringBootTestContextBootstrapper - Neither @ContextConfiguration nor @ContextHierarchy found for test class [com.example.authority.service.RSATest], using SpringBootContextLoader
21:50:19.750 [main] DEBUG org.springframework.test.context.support.AbstractContextLoader - Did not detect default resource location for test class [com.example.authority.service.RSATest]: class path resource [com/example/authority/service/RSATest-context.xml] does not exist
21:50:19.750 [main] DEBUG org.springframework.test.context.support.AbstractContextLoader - Did not detect default resource location for test class [com.example.authority.service.RSATest]: class path resource [com/example/authority/service/RSATestContext.groovy] does not exist
21:50:19.750 [main] INFO org.springframework.test.context.support.AbstractContextLoader - Could not detect default resource locations for test class [com.example.authority.service.RSATest]: no resource found for suffixes {-context.xml, Context.groovy}.
21:50:19.750 [main] INFO org.springframework.test.context.support.AnnotationConfigContextLoaderUtils - Could not detect default configuration classes for test class [com.example.authority.service.RSATest]: RSATest does not declare any static, non-private, non-final, nested classes annotated with @Configuration.
21:50:19.750 [main] DEBUG org.springframework.test.context.support.ActiveProfilesUtils - Could not find an 'annotation declaring class' for annotation type [org.springframework.test.context.ActiveProfiles] and class [com.example.authority.service.RSATest]
21:50:19.750 [main] INFO org.springframework.boot.test.context.SpringBootTestContextBootstrapper - Found @SpringBootConfiguration com.example.authority.AuthorityCenterApplication for test class com.example.authority.service.RSATest
21:50:19.750 [main] DEBUG org.springframework.boot.test.context.SpringBootTestContextBootstrapper - @TestExecutionListeners is not present for class [com.example.authority.service.RSATest]: using defaults.
21:50:19.750 [main] INFO org.springframework.boot.test.context.SpringBootTestContextBootstrapper - Loaded default TestExecutionListener class names from location [META-INF/spring.factories]: [org.springframework.boot.test.mock.mockito.MockitoTestExecutionListener, org.springframework.boot.test.mock.mockito.ResetMocksTestExecutionListener, org.springframework.boot.test.autoconfigure.restdocs.RestDocsTestExecutionListener, org.springframework.boot.test.autoconfigure.web.client.MockRestServiceServerResetTestExecutionListener, org.springframework.boot.test.autoconfigure.web.servlet.MockMvcPrintOnlyOnFailureTestExecutionListener, org.springframework.boot.test.autoconfigure.web.servlet.WebDriverTestExecutionListener, org.springframework.test.context.web.ServletTestExecutionListener, org.springframework.test.context.support.DirtiesContextBeforeModesTestExecutionListener, org.springframework.test.context.support.DependencyInjectionTestExecutionListener, org.springframework.test.context.support.DirtiesContextTestExecutionListener, org.springframework.test.context.transaction.TransactionalTestExecutionListener, org.springframework.test.context.jdbc.SqlScriptsTestExecutionListener, org.springframework.test.context.event.EventPublishingTestExecutionListener]
21:50:19.750 [main] INFO org.springframework.boot.test.context.SpringBootTestContextBootstrapper - Using TestExecutionListeners: [org.springframework.test.context.web.ServletTestExecutionListener@4c2cc639, org.springframework.test.context.support.DirtiesContextBeforeModesTestExecutionListener@ccb4b1b, org.springframework.boot.test.mock.mockito.MockitoTestExecutionListener@4097cac, org.springframework.boot.test.autoconfigure.SpringBootDependencyInjectionTestExecutionListener@ec2cc4, org.springframework.test.context.support.DirtiesContextTestExecutionListener@2a5b3fee, org.springframework.test.context.transaction.TransactionalTestExecutionListener@7c1e2a2d, org.springframework.test.context.jdbc.SqlScriptsTestExecutionListener@333dd51e, org.springframework.test.context.event.EventPublishingTestExecutionListener@52d645b1, org.springframework.boot.test.mock.mockito.ResetMocksTestExecutionListener@2101b44a, org.springframework.boot.test.autoconfigure.restdocs.RestDocsTestExecutionListener@2cc3ad05, org.springframework.boot.test.autoconfigure.web.client.MockRestServiceServerResetTestExecutionListener@710b18a6, org.springframework.boot.test.autoconfigure.web.servlet.MockMvcPrintOnlyOnFailureTestExecutionListener@119020fb, org.springframework.boot.test.autoconfigure.web.servlet.WebDriverTestExecutionListener@3d9f6567]
21:50:19.750 [main] DEBUG org.springframework.test.annotation.ProfileValueUtils - Retrieved @ProfileValueSourceConfiguration [null] for test class [com.example.authority.service.RSATest]
21:50:19.750 [main] DEBUG org.springframework.test.annotation.ProfileValueUtils - Retrieved ProfileValueSource type [class org.springframework.test.annotation.SystemProfileValueSource] for class [com.example.authority.service.RSATest]
21:50:19.816 [main] DEBUG org.springframework.test.annotation.ProfileValueUtils - Retrieved @ProfileValueSourceConfiguration [null] for test class [com.example.authority.AuthorityCenterApplicationTest]
21:50:19.816 [main] DEBUG org.springframework.test.annotation.ProfileValueUtils - Retrieved ProfileValueSource type [class org.springframework.test.annotation.SystemProfileValueSource] for class [com.example.authority.AuthorityCenterApplicationTest]
21:50:19.816 [main] DEBUG org.springframework.test.annotation.ProfileValueUtils - Retrieved @ProfileValueSourceConfiguration [null] for test class [com.example.authority.AuthorityCenterApplicationTest]
21:50:19.816 [main] DEBUG org.springframework.test.annotation.ProfileValueUtils - Retrieved ProfileValueSource type [class org.springframework.test.annotation.SystemProfileValueSource] for class [com.example.authority.AuthorityCenterApplicationTest]
21:50:19.816 [main] DEBUG org.springframework.test.annotation.ProfileValueUtils - Retrieved @ProfileValueSourceConfiguration [null] for test class [com.example.authority.AuthorityCenterApplicationTest]
21:50:19.816 [main] DEBUG org.springframework.test.annotation.ProfileValueUtils - Retrieved ProfileValueSource type [class org.springframework.test.annotation.SystemProfileValueSource] for class [com.example.authority.AuthorityCenterApplicationTest]
21:50:19.831 [main] DEBUG org.springframework.test.context.support.AbstractDirtiesContextTestExecutionListener - Before test class: context [DefaultTestContext@4fbda97b testClass = AuthorityCenterApplicationTest, testInstance = [null], testMethod = [null], testException = [null], mergedContextConfiguration = [WebMergedContextConfiguration@75f5fd58 testClass = AuthorityCenterApplicationTest, locations = '{}', classes = '{class com.example.authority.AuthorityCenterApplication}', contextInitializerClasses = '[]', activeProfiles = '{}', propertySourceLocations = '{}', propertySourceProperties = '{org.springframework.boot.test.context.SpringBootTestContextBootstrapper=true}', contextCustomizers = set[org.springframework.boot.test.context.filter.ExcludeFilterContextCustomizer@6b09fb41, org.springframework.boot.test.json.DuplicateJsonObjectContextCustomizerFactory$DuplicateJsonObjectContextCustomizer@782859e, org.springframework.boot.test.mock.mockito.MockitoContextCustomizer@0, org.springframework.boot.test.web.client.TestRestTemplateContextCustomizer@1b919693, org.springframework.boot.test.autoconfigure.properties.PropertyMappingContextCustomizer@0, org.springframework.boot.test.autoconfigure.web.servlet.WebDriverContextCustomizerFactory$Customizer@1f9f6368], resourceBasePath = 'src/main/webapp', contextLoader = 'org.springframework.boot.test.context.SpringBootContextLoader', parent = [null]], attributes = map['org.springframework.test.context.web.ServletTestExecutionListener.activateListener' -> true]], class annotated with @DirtiesContext [false] with mode [null].
21:50:19.831 [main] DEBUG org.springframework.test.annotation.ProfileValueUtils - Retrieved @ProfileValueSourceConfiguration [null] for test class [com.example.authority.AuthorityCenterApplicationTest]
21:50:19.831 [main] DEBUG org.springframework.test.annotation.ProfileValueUtils - Retrieved ProfileValueSource type [class org.springframework.test.annotation.SystemProfileValueSource] for class [com.example.authority.AuthorityCenterApplicationTest]
21:50:19.847 [main] DEBUG org.springframework.test.context.support.TestPropertySourceUtils - Adding inlined properties to environment: {spring.jmx.enabled=false, org.springframework.boot.test.context.SpringBootTestContextBootstrapper=true, server.port=-1}

  .   ____          _            __ _ _
 /\\ / ___'_ __ _ _(_)_ __  __ _ \ \ \ \
( ( )\___ | '_ | '_| | '_ \/ _` | \ \ \ \
 \\/  ___)| |_)| | | | | || (_| |  ) ) ) )
  '  |____| .__|_| |_|_| |_\__, | / / / /
 =========|_|==============|___/=/_/_/_/
 :: Spring Boot ::        (v2.2.5.RELEASE)

2023-04-07 21:50:21.754  INFO 110924 --- [           main] c.a.n.c.c.impl.LocalConfigInfoProcessor  : LOCAL_SNAPSHOT_PATH:C:\Users\word\nacos\config
2023-04-07 21:50:21.785  INFO 110924 --- [           main] c.a.nacos.client.config.impl.Limiter     : limitTime:5.0
2023-04-07 21:50:22.235  WARN 110924 --- [           main] c.a.c.n.c.NacosPropertySourceBuilder     : Ignore the empty nacos configuration and get it based on dataId[authority-center] & group[DEFAULT_GROUP]
2023-04-07 21:50:22.235  WARN 110924 --- [           main] c.a.c.n.c.NacosPropertySourceBuilder     : Ignore the empty nacos configuration and get it based on dataId[authority-center.properties] & group[DEFAULT_GROUP]
2023-04-07 21:50:22.235  WARN 110924 --- [           main] c.a.c.n.c.NacosPropertySourceBuilder     : Ignore the empty nacos configuration and get it based on dataId[authority-center-dev.properties] & group[DEFAULT_GROUP]
2023-04-07 21:50:22.235  INFO 110924 --- [           main] b.c.PropertySourceBootstrapConfiguration : Located property source: [BootstrapPropertySource {name='bootstrapProperties-authority-center-dev.properties,DEFAULT_GROUP'}, BootstrapPropertySource {name='bootstrapProperties-authority-center.properties,DEFAULT_GROUP'}, BootstrapPropertySource {name='bootstrapProperties-authority-center,DEFAULT_GROUP'}]
2023-04-07 21:50:22.250  INFO 110924 --- [           main] c.e.a.AuthorityCenterApplicationTest     : The following profiles are active: dev
2023-04-07 21:50:22.859  WARN 110924 --- [           main] o.s.boot.actuate.endpoint.EndpointId     : Endpoint ID 'nacos-config' contains invalid characters, please migrate to a valid format.
2023-04-07 21:50:22.870  WARN 110924 --- [           main] o.s.boot.actuate.endpoint.EndpointId     : Endpoint ID 'nacos-discovery' contains invalid characters, please migrate to a valid format.
2023-04-07 21:50:23.166  WARN 110924 --- [           main] o.s.boot.actuate.endpoint.EndpointId     : Endpoint ID 'service-registry' contains invalid characters, please migrate to a valid format.
2023-04-07 21:50:23.336  INFO 110924 --- [           main] o.s.cloud.context.scope.GenericScope     : BeanFactory id=2bb0e61f-405b-37a9-862a-c569a949e00d
2023-04-07 21:50:24.255  WARN 110924 --- [           main] c.n.c.sources.URLConfigurationSource     : No URLs will be polled as dynamic configuration sources.
2023-04-07 21:50:24.255  INFO 110924 --- [           main] c.n.c.sources.URLConfigurationSource     : To enable URLs as dynamic configuration sources, define System property archaius.configurationSource.additionalUrls or make config.properties available on classpath.
2023-04-07 21:50:24.255  WARN 110924 --- [           main] c.n.c.sources.URLConfigurationSource     : No URLs will be polled as dynamic configuration sources.
2023-04-07 21:50:24.255  INFO 110924 --- [           main] c.n.c.sources.URLConfigurationSource     : To enable URLs as dynamic configuration sources, define System property archaius.configurationSource.additionalUrls or make config.properties available on classpath.
2023-04-07 21:50:24.653  INFO 110924 --- [           main] o.s.s.concurrent.ThreadPoolTaskExecutor  : Initializing ExecutorService 'applicationTaskExecutor'
2023-04-07 21:50:25.492  INFO 110924 --- [           main] o.s.s.c.ThreadPoolTaskScheduler          : Initializing ExecutorService 'Nacso-Watch-Task-Scheduler'
2023-04-07 21:50:25.514  INFO 110924 --- [           main] com.alibaba.nacos.client.naming          : initializer namespace from System Property :null
2023-04-07 21:50:25.514  INFO 110924 --- [           main] com.alibaba.nacos.client.naming          : initializer namespace from System Environment :null
2023-04-07 21:50:25.514  INFO 110924 --- [           main] com.alibaba.nacos.client.naming          : initializer namespace from System Property :null
2023-04-07 21:50:26.699  INFO 110924 --- [           main] o.s.b.a.e.web.EndpointLinksResolver      : Exposing 19 endpoint(s) beneath base path '/actuator'
2023-04-07 21:50:26.770  INFO 110924 --- [           main] c.e.a.AuthorityCenterApplicationTest     : Started AuthorityCenterApplicationTest in 6.907 seconds (JVM running for 8.161)
2023-04-07 21:50:26.821  INFO 110924 --- [           main] c.a.n.client.config.impl.ClientWorker    : [fixed-localhost_8848] [subscribe] authority-center+DEFAULT_GROUP
2023-04-07 21:50:26.821  INFO 110924 --- [           main] c.a.nacos.client.config.impl.CacheData   : [fixed-localhost_8848] [add-listener] ok, tenant=, dataId=authority-center, group=DEFAULT_GROUP, cnt=1
2023-04-07 21:50:26.821  INFO 110924 --- [           main] c.a.n.client.config.impl.ClientWorker    : [fixed-localhost_8848] [subscribe] authority-center.properties+DEFAULT_GROUP
2023-04-07 21:50:26.821  INFO 110924 --- [           main] c.a.nacos.client.config.impl.CacheData   : [fixed-localhost_8848] [add-listener] ok, tenant=, dataId=authority-center.properties, group=DEFAULT_GROUP, cnt=1
2023-04-07 21:50:26.821  INFO 110924 --- [           main] c.a.n.client.config.impl.ClientWorker    : [fixed-localhost_8848] [subscribe] authority-center-dev.properties+DEFAULT_GROUP
2023-04-07 21:50:26.821  INFO 110924 --- [           main] c.a.nacos.client.config.impl.CacheData   : [fixed-localhost_8848] [add-listener] ok, tenant=, dataId=authority-center-dev.properties, group=DEFAULT_GROUP, cnt=1
2023-04-07 21:50:26.842  INFO 110924 --- [-localhost_8848] c.a.n.client.config.impl.ClientWorker    : get changedGroupKeys:[]
2023-04-07 21:50:27.234  INFO 110924 --- [           main] com.zaxxer.hikari.HikariDataSource       : HikariPool-1 - Starting...
2023-04-07 21:50:27.635  INFO 110924 --- [           main] com.zaxxer.hikari.HikariDataSource       : HikariPool-1 - Start completed.
]]></system-out>
  </testcase>
  <testcase name="rSATest" classname="com.example.authority.AuthorityCenterApplicationTest" time="0"/>
</testsuite>